Dummies
BlockHeader: 1
BlockType:   1
DataFormat:  1
NumChildren: 1
NameSize:    1
DataSize:    1269
ChunkNumber: 1
TotalChunks: 1
BlockName:   'x'
0: 1
1: 1
2: 1
3: 1
4: 1
Y positions
BlockHeader: 1
BlockType:   1
DataFormat:  1
NumChildren: 1
NameSize:    1
DataSize:    1269
ChunkNumber: 1
TotalChunks: 1
BlockName:   'x'
0: 654
1: 653
2: 652
3: 651
4: 650
5: 649
6: 648
7: 655
8: 654
9: 653
10: 652
11: 651
12: 650
13: 649
14: 648
15: 647
16: 646
17: 645
18: 656
19: 655
20: 654
21: 653
22: 652
23: 651
24: 650
25: 649
26: 648
27: 647
28: 646
29: 645
30: 644
31: 657
32: 656
33: 655
34: 654
35: 653
36: 652
37: 651
38: 650
39: 649
40: 648
41: 647
42: 646
43: 645
44: 644
45: 658
46: 657
47: 656
48: 655
49: 654
50: 653
51: 652
52: 651
53: 650
54: 649
55: 648
56: 647
57: 646
58: 645
59: 644
60: 643
61: 658
62: 657
63: 656
64: 655
65: 654
66: 653
67: 652
68: 651
69: 650
70: 649
71: 648
72: 647
73: 646
74: 645
75: 644
76: 643
77: 658
78: 657
79: 656
80: 655
81: 654
82: 653
83: 652
84: 651
85: 650
86: 649
87: 648
88: 647
89: 646
90: 645
91: 644
92: 643
93: 658
94: 657
95: 656
96: 655
97: 654
98: 653
99: 652
100: 651
101: 650
102: 649
103: 648
104: 647
105: 646
106: 645
107: 644
108: 643
109: 658
110: 657
111: 656
112: 655
113: 654
114: 653
115: 652
116: 651
117: 650
118: 649
119: 648
120: 647
121: 646
122: 645
123: 644
124: 658
125: 657
126: 656
127: 655
128: 654
129: 653
130: 652
131: 651
132: 650
133: 649
134: 648
135: 647
136: 646
137: 645
138: 644
139: 657
140: 656
141: 655
142: 654
143: 653
144: 652
145: 651
146: 650
147: 649
148: 648
149: 647
150: 646
151: 645
152: 656
153: 655
154: 654
155: 653
156: 652
157: 651
158: 650
159: 649
160: 648
161: 652
162: 651
163: 650
164: 519
165: 518
166: 519
167: 518
168: 517
169: 517
170: 512
171: 511
172: 510
173: 509
174: 519
175: 518
176: 516
177: 515
178: 514
179: 512
180: 511
181: 510
182: 509
183: 508
184: 520
185: 519
186: 518
187: 517
188: 516
189: 515
190: 514
191: 513
192: 512
193: 511
194: 510
195: 509
196: 508
197: 521
198: 520
199: 519
200: 518
201: 517
202: 516
203: 515
204: 514
205: 513
206: 512
207: 510
208: 509
209: 508
210: 519
211: 516
212: 514
213: 522
214: 519
215: 516
216: 515
217: 514
218: 512
219: 523
220: 522
221: 521
222: 520
223: 519
224: 518
225: 517
226: 516
227: 515
228: 514
229: 513
230: 512
231: 511
232: 524
233: 523
234: 522
235: 521
236: 520
237: 519
238: 518
239: 517
240: 516
241: 515
242: 514
243: 513
244: 512
245: 511
246: 510
247: 509
248: 520
249: 519
250: 518
251: 517
252: 516
253: 515
254: 514
255: 513
256: 510
257: 509
258: 523
259: 522
260: 521
261: 520
262: 519
263: 518
264: 517
265: 516
266: 511
267: 510
268: 523
269: 522
270: 521
271: 520
272: 519
273: 518
274: 517
275: 516
276: 515
277: 527
278: 524
279: 523
280: 522
281: 521
282: 520
283: 519
284: 518
285: 517
286: 516
287: 527
288: 526
289: 525
290: 524
291: 523
292: 522
293: 521
294: 520
295: 519
296: 518
297: 517
298: 516
299: 528
300: 527
301: 526
302: 525
303: 524
304: 523
305: 522
306: 521
307: 520
308: 519
309: 518
310: 517
311: 516
312: 528
313: 527
314: 526
315: 525
316: 524
317: 523
318: 522
319: 521
320: 520
321: 519
322: 518
323: 527
324: 526
325: 521
326: 526
327: 524
328: 523
329: 522
330: 521
331: 526
332: 525
333: 524
334: 523
335: 522
336: 521
337: 1448
338: 1447
339: 1450
340: 1449
341: 1447
342: 1446
343: 1445
344: 1444
345: 1443
346: 1442
347: 1450
348: 1449
349: 1448
350: 1447
351: 1446
352: 1445
353: 1444
354: 1443
355: 1442
356: 1450
357: 1449
358: 1448
359: 1447
360: 1446
361: 1445
362: 1444
363: 1443
364: 1442
365: 1441
366: 1449
367: 1448
368: 1447
369: 1446
370: 1445
371: 1444
372: 1443
373: 1442
374: 1441
375: 1440
376: 1449
377: 1448
378: 1447
379: 1446
380: 1445
381: 1444
382: 1443
383: 1442
384: 1441
385: 1447
386: 1446
387: 1445
388: 1444
389: 1442
390: 786
391: 785
392: 787
393: 785
394: 784
395: 788
396: 787
397: 786
398: 785
399: 784
400: 788
401: 787
402: 786
403: 785
404: 784
405: 788
406: 787
407: 786
408: 785
409: 784
410: 788
411: 787
412: 785
413: 5
414: 4
415: 3
416: 5
417: 4
418: 3
419: 5
420: 4
421: 3
422: 946
423: 945
424: 944
425: 943
426: 949
427: 948
428: 947
429: 946
430: 945
431: 944
432: 943
433: 942
434: 941
435: 940
436: 939
437: 950
438: 949
439: 948
440: 947
441: 946
442: 945
443: 944
444: 943
445: 942
446: 941
447: 940
448: 939
449: 938
450: 951
451: 950
452: 949
453: 948
454: 947
455: 946
456: 945
457: 944
458: 943
459: 942
460: 941
461: 940
462: 939
463: 938
464: 937
465: 952
466: 951
467: 950
468: 949
469: 948
470: 947
471: 946
472: 945
473: 944
474: 943
475: 942
476: 941
477: 940
478: 939
479: 938
480: 937
481: 936
482: 952
483: 951
484: 950
485: 949
486: 948
487: 947
488: 946
489: 945
490: 944
491: 943
492: 942
493: 941
494: 940
495: 939
496: 938
497: 937
498: 936
499: 952
500: 951
501: 950
502: 949
503: 948
504: 947
505: 946
506: 945
507: 944
508: 943
509: 942
510: 941
511: 940
512: 939
513: 938
514: 937
515: 936
516: 952
517: 951
518: 950
519: 949
520: 948
521: 947
522: 946
523: 945
524: 944
525: 943
526: 942
527: 941
528: 940
529: 939
530: 938
531: 937
532: 936
533: 951
534: 950
535: 949
536: 948
537: 947
538: 946
539: 945
540: 944
541: 943
542: 942
543: 941
544: 940
545: 939
546: 938
547: 937
548: 951
549: 950
550: 949
551: 948
552: 947
553: 946
554: 945
555: 944
556: 943
557: 942
558: 941
559: 940
560: 939
561: 938
562: 937
563: 950
564: 949
565: 948
566: 947
567: 946
568: 945
569: 944
570: 943
571: 942
572: 941
573: 940
574: 939
575: 938
576: 949
577: 948
578: 947
579: 946
580: 945
581: 944
582: 943
583: 942
584: 941
585: 940
586: 939
587: 947
588: 946
589: 945
590: 944
591: 943
592: 942
593: 941
594: 245
595: 244
596: 243
597: 242
598: 241
599: 240
600: 239
601: 247
602: 246
603: 245
604: 244
605: 243
606: 242
607: 241
608: 240
609: 239
610: 247
611: 246
612: 245
613: 244
614: 243
615: 242
616: 241
617: 240
618: 239
619: 246
620: 245
621: 244
622: 243
623: 242
624: 241
625: 240
626: 244
627: 243
628: 242
629: 241
630: 1371
631: 1372
632: 1371
633: 1370
Z positions
BlockHeader: 1
BlockType:   1
DataFormat:  1
NumChildren: 1
NameSize:    1
DataSize:    1269
ChunkNumber: 1
TotalChunks: 1
BlockName:   'x'
0: 905
1: 905
2: 905
3: 905
4: 905
5: 905
6: 905
7: 904
8: 904
9: 904
10: 904
11: 904
12: 904
13: 904
14: 904
15: 904
16: 904
17: 904
18: 903
19: 903
20: 903
21: 903
22: 903
23: 903
24: 903
25: 903
26: 903
27: 903
28: 903
29: 903
30: 903
31: 902
32: 902
33: 902
34: 902
35: 902
36: 902
37: 902
38: 902
39: 902
40: 902
41: 902
42: 902
43: 902
44: 902
45: 901
46: 901
47: 901
48: 901
49: 901
50: 901
51: 901
52: 901
53: 901
54: 901
55: 901
56: 901
57: 901
58: 901
59: 901
60: 901
61: 900
62: 900
63: 900
64: 900
65: 900
66: 900
67: 900
68: 900
69: 900
70: 900
71: 900
72: 900
73: 900
74: 900
75: 900
76: 900
77: 899
78: 899
79: 899
80: 899
81: 899
82: 899
83: 899
84: 899
85: 899
86: 899
87: 899
88: 899
89: 899
90: 899
91: 899
92: 899
93: 898
94: 898
95: 898
96: 898
97: 898
98: 898
99: 898
100: 898
101: 898
102: 898
103: 898
104: 898
105: 898
106: 898
107: 898
108: 898
109: 897
110: 897
111: 897
112: 897
113: 897
114: 897
115: 897
116: 897
117: 897
118: 897
119: 897
120: 897
121: 897
122: 897
123: 897
124: 896
125: 896
126: 896
127: 896
128: 896
129: 896
130: 896
131: 896
132: 896
133: 896
134: 896
135: 896
136: 896
137: 896
138: 896
139: 895
140: 895
141: 895
142: 895
143: 895
144: 895
145: 895
146: 895
147: 895
148: 895
149: 895
150: 895
151: 895
152: 894
153: 894
154: 894
155: 894
156: 894
157: 894
158: 894
159: 894
160: 894
161: 893
162: 893
163: 893
164: 750
165: 750
166: 749
167: 749
168: 749
169: 748
170: 748
171: 748
172: 748
173: 748
174: 747
175: 747
176: 747
177: 747
178: 747
179: 747
180: 747
181: 747
182: 747
183: 747
184: 746
185: 746
186: 746
187: 746
188: 746
189: 746
190: 746
191: 746
192: 746
193: 746
194: 746
195: 746
196: 746
197: 745
198: 745
199: 745
200: 745
201: 745
202: 745
203: 745
204: 745
205: 745
206: 745
207: 745
208: 745
209: 745
210: 744
211: 744
212: 744
213: 743
214: 743
215: 743
216: 743
217: 743
218: 743
219: 742
220: 742
221: 742
222: 742
223: 742
224: 742
225: 742
226: 742
227: 742
228: 742
229: 742
230: 742
231: 742
232: 741
233: 741
234: 741
235: 741
236: 741
237: 741
238: 741
239: 741
240: 741
241: 741
242: 741
243: 741
244: 741
245: 741
246: 741
247: 741
248: 740
249: 740
250: 740
251: 740
252: 740
253: 740
254: 740
255: 740
256: 740
257: 740
258: 739
259: 739
260: 739
261: 739
262: 739
263: 739
264: 739
265: 739
266: 739
267: 739
268: 738
269: 738
270: 738
271: 738
272: 738
273: 738
274: 738
275: 738
276: 738
277: 737
278: 737
279: 737
280: 737
281: 737
282: 737
283: 737
284: 737
285: 737
286: 737
287: 736
288: 736
289: 736
290: 736
291: 736
292: 736
293: 736
294: 736
295: 736
296: 736
297: 736
298: 736
299: 735
300: 735
301: 735
302: 735
303: 735
304: 735
305: 735
306: 735
307: 735
308: 735
309: 735
310: 735
311: 735
312: 734
313: 734
314: 734
315: 734
316: 734
317: 734
318: 734
319: 734
320: 734
321: 734
322: 734
323: 733
324: 733
325: 733
326: 732
327: 732
328: 732
329: 732
330: 732
331: 731
332: 731
333: 731
334: 731
335: 731
336: 731
337: 681
338: 681
339: 680
340: 680
341: 680
342: 680
343: 680
344: 680
345: 680
346: 680
347: 679
348: 679
349: 679
350: 679
351: 679
352: 679
353: 679
354: 679
355: 679
356: 678
357: 678
358: 678
359: 678
360: 678
361: 678
362: 678
363: 678
364: 678
365: 678
366: 677
367: 677
368: 677
369: 677
370: 677
371: 677
372: 677
373: 677
374: 677
375: 677
376: 676
377: 676
378: 676
379: 676
380: 676
381: 676
382: 676
383: 676
384: 676
385: 675
386: 675
387: 675
388: 675
389: 675
390: 610
391: 610
392: 609
393: 609
394: 609
395: 608
396: 608
397: 608
398: 608
399: 608
400: 607
401: 607
402: 607
403: 607
404: 607
405: 606
406: 606
407: 606
408: 606
409: 606
410: 605
411: 605
412: 605
413: 395
414: 395
415: 395
416: 394
417: 394
418: 394
419: 393
420: 393
421: 393
422: 389
423: 389
424: 389
425: 389
426: 388
427: 388
428: 388
429: 388
430: 388
431: 388
432: 388
433: 388
434: 388
435: 388
436: 388
437: 387
438: 387
439: 387
440: 387
441: 387
442: 387
443: 387
444: 387
445: 387
446: 387
447: 387
448: 387
449: 387
450: 386
451: 386
452: 386
453: 386
454: 386
455: 386
456: 386
457: 386
458: 386
459: 386
460: 386
461: 386
462: 386
463: 386
464: 386
465: 385
466: 385
467: 385
468: 385
469: 385
470: 385
471: 385
472: 385
473: 385
474: 385
475: 385
476: 385
477: 385
478: 385
479: 385
480: 385
481: 385
482: 384
483: 384
484: 384
485: 384
486: 384
487: 384
488: 384
489: 384
490: 384
491: 384
492: 384
493: 384
494: 384
495: 384
496: 384
497: 384
498: 384
499: 383
500: 383
501: 383
502: 383
503: 383
504: 383
505: 383
506: 383
507: 383
508: 383
509: 383
510: 383
511: 383
512: 383
513: 383
514: 383
515: 383
516: 382
517: 382
518: 382
519: 382
520: 382
521: 382
522: 382
523: 382
524: 382
525: 382
526: 382
527: 382
528: 382
529: 382
530: 382
531: 382
532: 382
533: 381
534: 381
535: 381
536: 381
537: 381
538: 381
539: 381
540: 381
541: 381
542: 381
543: 381
544: 381
545: 381
546: 381
547: 381
548: 380
549: 380
550: 380
551: 380
552: 380
553: 380
554: 380
555: 380
556: 380
557: 380
558: 380
559: 380
560: 380
561: 380
562: 380
563: 379
564: 379
565: 379
566: 379
567: 379
568: 379
569: 379
570: 379
571: 379
572: 379
573: 379
574: 379
575: 379
576: 378
577: 378
578: 378
579: 378
580: 378
581: 378
582: 378
583: 378
584: 378
585: 378
586: 378
587: 377
588: 377
589: 377
590: 377
591: 377
592: 377
593: 377
594: 255
595: 255
596: 255
597: 255
598: 255
599: 255
600: 255
601: 254
602: 254
603: 254
604: 254
605: 254
606: 254
607: 254
608: 254
609: 254
610: 253
611: 253
612: 253
613: 253
614: 253
615: 253
616: 253
617: 253
618: 253
619: 252
620: 252
621: 252
622: 252
623: 252
624: 252
625: 252
626: 251
627: 251
628: 251
629: 251
630: 207
631: 206
632: 206
633: 206
Intensities:
BlockHeader: 1
BlockType:   1
DataFormat:  1
NumChildren: 1
NameSize:    1
DataSize:    2537
ChunkNumber: 1
TotalChunks: 1
BlockName:   'x'
0: 10.000
1: 7.000
2: 12.000
3: 16.000
4: 12.000
5: 8.000
6: 7.000
7: 12.000
8: 25.000
9: 39.000
10: 46.000
11: 52.000
12: 43.000
13: 39.000
14: 26.000
15: 17.000
16: 12.000
17: 3.000
18: 16.000
19: 36.000
20: 64.000
21: 84.000
22: 92.000
23: 91.000
24: 89.000
25: 82.000
26: 59.000
27: 48.000
28: 37.000
29: 16.000
30: 6.000
31: 11.000
32: 33.000
33: 74.000
34: 103.000
35: 141.000
36: 147.000
37: 155.000
38: 149.000
39: 128.000
40: 110.000
41: 93.000
42: 71.000
43: 35.000
44: 15.000
45: 1.000
46: 19.000
47: 61.000
48: 110.000
49: 164.000
50: 170.000
51: 201.000
52: 202.000
53: 202.000
54: 191.000
55: 162.000
56: 121.000
57: 99.000
58: 69.000
59: 32.000
60: 12.000
61: 6.000
62: 38.000
63: 86.000
64: 144.000
65: 187.000
66: 223.000
67: 237.000
68: 250.000
69: 222.000
70: 223.000
71: 193.000
72: 162.000
73: 110.000
74: 70.000
75: 30.000
76: 13.000
77: 13.000
78: 47.000
79: 105.000
80: 153.000
81: 193.000
82: 227.000
83: 239.000
84: 261.000
85: 238.000
86: 227.000
87: 201.000
88: 171.000
89: 118.000
90: 65.000
91: 27.000
92: 3.000
93: 17.000
94: 44.000
95: 100.000
96: 131.000
97: 175.000
98: 194.000
99: 213.000
100: 218.000
101: 219.000
102: 210.000
103: 184.000
104: 156.000
105: 100.000
106: 55.000
107: 20.000
108: 1.000
109: 14.000
110: 45.000
111: 71.000
112: 106.000
113: 125.000
114: 155.000
115: 157.000
116: 175.000
117: 177.000
118: 167.000
119: 139.000
120: 104.000
121: 68.000
122: 36.000
123: 14.000
124: 12.000
125: 24.000
126: 38.000
127: 51.000
128: 74.000
129: 85.000
130: 110.000
131: 121.000
132: 109.000
133: 111.000
134: 93.000
135: 61.000
136: 31.000
137: 14.000
138: 3.000
139: 9.000
140: 15.000
141: 27.000
142: 40.000
143: 49.000
144: 54.000
145: 66.000
146: 56.000
147: 52.000
148: 39.000
149: 22.000
150: 15.000
151: 4.000
152: 2.000
153: 6.000
154: 8.000
155: 13.000
156: 20.000
157: 24.000
158: 20.000
159: 19.000
160: 15.000
161: 2.000
162: 1.000
163: 6.000
164: 3.000
165: 6.000
166: 0.000
167: 1.000
168: 0.000
169: 0.000
170: 0.000
171: 0.000
172: 0.000
173: 3.000
174: 0.000
175: 8.000
176: 7.000
177: 0.000
178: 3.000
179: 6.000
180: 4.000
181: 7.000
182: 3.000
183: 1.000
184: 2.000
185: 6.000
186: 11.000
187: 4.000
188: 10.000
189: 10.000
190: 1.000
191: 13.000
192: 0.000
193: 4.000
194: 13.000
195: 3.000
196: 5.000
197: 0.000
198: 6.000
199: 2.000
200: 9.000
201: 10.000
202: 10.000
203: 3.000
204: 0.000
205: 9.000
206: 0.000
207: 0.000
208: 9.000
209: 3.000
210: 5.000
211: 4.000
212: 12.000
213: 2.000
214: 13.000
215: 7.000
216: 9.000
217: 0.000
218: 3.000
219: 0.000
220: 4.000
221: 5.000
222: 6.000
223: 25.000
224: 16.000
225: 21.000
226: 8.000
227: 12.000
228: 15.000
229: 5.000
230: 4.000
231: 0.000
232: 6.000
233: 2.000
234: 2.000
235: 17.000
236: 16.000
237: 12.000
238: 28.000
239: 28.000
240: 10.000
241: 0.000
242: 16.000
243: 9.000
244: 13.000
245: 7.000
246: 10.000
247: 2.000
248: 9.000
249: 24.000
250: 20.000
251: 23.000
252: 15.000
253: 1.000
254: 16.000
255: 4.000
256: 4.000
257: 2.000
258: 0.000
259: 5.000
260: 20.000
261: 6.000
262: 24.000
263: 17.000
264: 10.000
265: 12.000
266: 7.000
267: 0.000
268: 20.000
269: 14.000
270: 15.000
271: 16.000
272: 33.000
273: 20.000
274: 18.000
275: 8.000
276: 11.000
277: 1.000
278: 2.000
279: 0.000
280: 19.000
281: 24.000
282: 22.000
283: 20.000
284: 22.000
285: 13.000
286: 4.000
287: 4.000
288: 5.000
289: 2.000
290: 9.000
291: 14.000
292: 10.000
293: 17.000
294: 24.000
295: 18.000
296: 17.000
297: 10.000
298: 2.000
299: 3.000
300: 7.000
301: 0.000
302: 10.000
303: 10.000
304: 9.000
305: 4.000
306: 15.000
307: 8.000
308: 4.000
309: 12.000
310: 1.000
311: 0.000
312: 0.000
313: 9.000
314: 9.000
315: 7.000
316: 10.000
317: 8.000
318: 21.000
319: 14.000
320: 9.000
321: 21.000
322: 0.000
323: 1.000
324: 4.000
325: 1.000
326: 4.000
327: 0.000
328: 2.000
329: 13.000
330: 6.000
331: 6.000
332: 0.000
333: 0.000
334: 9.000
335: 5.000
336: 6.000
337: 35.000
338: 32.000
339: 27.000
340: 40.000
341: 81.000
342: 77.000
343: 58.000
344: 56.000
345: 29.000
346: 12.000
347: 27.000
348: 56.000
349: 83.000
350: 106.000
351: 117.000
352: 106.000
353: 98.000
354: 65.000
355: 39.000
356: 16.000
357: 50.000
358: 84.000
359: 115.000
360: 131.000
361: 128.000
362: 124.000
363: 88.000
364: 60.000
365: 17.000
366: 39.000
367: 69.000
368: 93.000
369: 124.000
370: 132.000
371: 126.000
372: 93.000
373: 71.000
374: 35.000
375: 6.000
376: 18.000
377: 38.000
378: 47.000
379: 72.000
380: 86.000
381: 87.000
382: 74.000
383: 43.000
384: 31.000
385: 32.000
386: 33.000
387: 40.000
388: 38.000
389: 18.000
390: 17.000
391: 16.000
392: 60.000
393: 41.000
394: 8.000
395: 42.000
396: 91.000
397: 101.000
398: 51.000
399: 17.000
400: 62.000
401: 116.000
402: 99.000
403: 49.000
404: 22.000
405: 60.000
406: 102.000
407: 73.000
408: 37.000
409: 10.000
410: 28.000
411: 48.000
412: 18.000
413: 7.000
414: 5.000
415: 11.000
416: 7.000
417: 7.000
418: 7.000
419: 0.000
420: 5.000
421: 9.000
422: 14.000
423: 18.000
424: 20.000
425: 10.000
426: 38.000
427: 46.000
428: 52.000
429: 61.000
430: 55.000
431: 45.000
432: 46.000
433: 40.000
434: 33.000
435: 27.000
436: 18.000
437: 79.000
438: 110.000
439: 130.000
440: 143.000
441: 173.000
442: 173.000
443: 158.000
444: 135.000
445: 120.000
446: 108.000
447: 75.000
448: 45.000
449: 34.000
450: 97.000
451: 146.000
452: 225.000
453: 295.000
454: 390.000
455: 409.000
456: 418.000
457: 405.000
458: 370.000
459: 327.000
460: 265.000
461: 201.000
462: 129.000
463: 76.000
464: 35.000
465: 93.000
466: 132.000
467: 235.000
468: 364.000
469: 553.000
470: 791.000
471: 875.000
472: 927.000
473: 879.000
474: 818.000
475: 719.000
476: 582.000
477: 401.000
478: 235.000
479: 127.000
480: 58.000
481: 14.000
482: 86.000
483: 156.000
484: 284.000
485: 459.000
486: 762.000
487: 1125.000
488: 1335.000
489: 1441.000
490: 1485.000
491: 1397.000
492: 1227.000
493: 931.000
494: 625.000
495: 334.000
496: 158.000
497: 66.000
498: 21.000
499: 65.000
500: 120.000
501: 253.000
502: 434.000
503: 725.000
504: 1147.000
505: 1405.000
506: 1537.000
507: 1636.000
508: 1551.000
509: 1415.000
510: 1063.000
511: 636.000
512: 318.000
513: 132.000
514: 48.000
515: 14.000
516: 40.000
517: 84.000
518: 159.000
519: 298.000
520: 517.000
521: 776.000
522: 1010.000
523: 1158.000
524: 1235.000
525: 1190.000
526: 1075.000
527: 772.000
528: 469.000
529: 236.000
530: 97.000
531: 37.000
532: 16.000
533: 45.000
534: 102.000
535: 172.000
536: 307.000
537: 418.000
538: 538.000
539: 628.000
540: 644.000
541: 668.000
542: 578.000
543: 437.000
544: 267.000
545: 141.000
546: 65.000
547: 21.000
548: 32.000
549: 55.000
550: 98.000
551: 142.000
552: 210.000
553: 252.000
554: 306.000
555: 326.000
556: 297.000
557: 278.000
558: 205.000
559: 121.000
560: 72.000
561: 37.000
562: 14.000
563: 34.000
564: 50.000
565: 77.000
566: 100.000
567: 128.000
568: 138.000
569: 147.000
570: 143.000
571: 108.000
572: 99.000
573: 64.000
574: 35.000
575: 17.000
576: 15.000
577: 31.000
578: 43.000
579: 62.000
580: 75.000
581: 65.000
582: 65.000
583: 46.000
584: 35.000
585: 27.000
586: 12.000
587: 17.000
588: 20.000
589: 29.000
590: 30.000
591: 27.000
592: 22.000
593: 14.000
594: 41.000
595: 65.000
596: 59.000
597: 60.000
598: 53.000
599: 28.000
600: 8.000
601: 16.000
602: 35.000
603: 63.000
604: 78.000
605: 85.000
606: 83.000
607: 69.000
608: 41.000
609: 24.000
610: 14.000
611: 29.000
612: 53.000
613: 65.000
614: 68.000
615: 64.000
616: 55.000
617: 35.000
618: 15.000
619: 22.000
620: 25.000
621: 30.000
622: 46.000
623: 38.000
624: 25.000
625: 17.000
626: 11.000
627: 7.000
628: 15.000
629: 16.000
630: 7.000
631: 3.000
632: 16.000
633: 7.000
Peak IDs
BlockHeader: 1
BlockType:   1
DataFormat:  1
NumChildren: 1
NameSize:    1
DataSize:    1269
ChunkNumber: 1
TotalChunks: 1
BlockName:   'x'
0: 100
1: 100
2: 100
3: 100
4: 100
5: 100
6: 100
7: 100
8: 100
9: 100
10: 100
11: 100
12: 100
13: 100
14: 100
15: 100
16: 100
17: 100
18: 100
19: 100
20: 100
21: 100
22: 100
23: 100
24: 100
25: 100
26: 100
27: 100
28: 100
29: 100
30: 100
31: 100
32: 100
33: 100
34: 100
35: 100
36: 100
37: 100
38: 100
39: 100
40: 100
41: 100
42: 100
43: 100
44: 100
45: 100
46: 100
47: 100
48: 100
49: 100
50: 100
51: 100
52: 100
53: 100
54: 100
55: 100
56: 100
57: 100
58: 100
59: 100
60: 100
61: 100
62: 100
63: 100
64: 100
65: 100
66: 100
67: 100
68: 100
69: 100
70: 100
71: 100
72: 100
73: 100
74: 100
75: 100
76: 100
77: 100
78: 100
79: 100
80: 100
81: 100
82: 100
83: 100
84: 100
85: 100
86: 100
87: 100
88: 100
89: 100
90: 100
91: 100
92: 100
93: 100
94: 100
95: 100
96: 100
97: 100
98: 100
99: 100
100: 100
101: 100
102: 100
103: 100
104: 100
105: 100
106: 100
107: 100
108: 100
109: 100
110: 100
111: 100
112: 100
113: 100
114: 100
115: 100
116: 100
117: 100
118: 100
119: 100
120: 100
121: 100
122: 100
123: 100
124: 100
125: 100
126: 100
127: 100
128: 100
129: 100
130: 100
131: 100
132: 100
133: 100
134: 100
135: 100
136: 100
137: 100
138: 100
139: 100
140: 100
141: 100
142: 100
143: 100
144: 100
145: 100
146: 100
147: 100
148: 100
149: 100
150: 100
151: 100
152: 100
153: 100
154: 100
155: 100
156: 100
157: 100
158: 100
159: 100
160: 100
161: 100
162: 100
163: 100
164: 200
165: 200
166: 200
167: 200
168: 200
169: 200
170: 200
171: 200
172: 300
173: 300
174: 300
175: 400
176: 400
177: 400
178: 400
179: 300
180: 300
181: 300
182: 300
183: 200
184: 300
185: 300
186: 300
187: 300
188: 300
189: 300
190: 300
191: 300
192: 300
193: 300
194: 300
195: 300
196: 300
197: 300
198: 300
199: 300
200: 300
201: 300
202: 300
203: 300
204: 300
205: 300
206: 300
207: 300
208: 300
209: 300
210: 400
211: 500
212: 500
213: 400
214: 600
215: 600
216: 500
217: 500
218: 700
219: 400
220: 400
221: 400
222: 400
223: 400
224: 400
225: 400
226: 400
227: 400
228: 400
229: 400
230: 400
231: 400
232: 400
233: 400
234: 400
235: 400
236: 400
237: 400
238: 400
239: 400
240: 400
241: 400
242: 400
243: 400
244: 400
245: 400
246: 400
247: 800
248: 600
249: 600
250: 600
251: 600
252: 600
253: 600
254: 600
255: 600
256: 400
257: 800
258: 600
259: 600
260: 600
261: 600
262: 600
263: 600
264: 600
265: 600
266: 800
267: 800
268: 600
269: 600
270: 600
271: 600
272: 600
273: 600
274: 600
275: 600
276: 600
277: 500
278: 600
279: 600
280: 600
281: 600
282: 600
283: 600
284: 600
285: 600
286: 600
287: 500
288: 500
289: 500
290: 500
291: 500
292: 500
293: 500
294: 500
295: 500
296: 500
297: 500
298: 500
299: 500
300: 500
301: 500
302: 500
303: 500
304: 500
305: 500
306: 500
307: 500
308: 500
309: 500
310: 500
311: 500
312: 500
313: 500
314: 500
315: 500
316: 500
317: 500
318: 500
319: 500
320: 500
321: 500
322: 500
323: 600
324: 600
325: 600
326: 900
327: 900
328: 900
329: 900
330: 900
331: 900
332: 900
333: 900
334: 900
335: 900
336: 900
337: 1000
338: 1000
339: 1100
340: 1100
341: 1100
342: 1100
343: 1100
344: 1100
345: 1100
346: 1000
347: 1100
348: 1100
349: 1100
350: 1100
351: 1100
352: 1100
353: 1100
354: 1100
355: 1100
356: 1100
357: 1100
358: 1100
359: 1100
360: 1100
361: 1100
362: 1100
363: 1100
364: 1100
365: 1100
366: 1100
367: 1100
368: 1100
369: 1100
370: 1100
371: 1100
372: 1100
373: 1100
374: 1100
375: 1100
376: 1100
377: 1100
378: 1100
379: 1100
380: 1100
381: 1100
382: 1100
383: 1100
384: 1100
385: 1100
386: 1100
387: 1100
388: 1100
389: 1100
390: 1200
391: 1200
392: 1300
393: 1300
394: 1300
395: 1300
396: 1300
397: 1300
398: 1300
399: 1300
400: 1300
401: 1300
402: 1300
403: 1300
404: 1300
405: 1300
406: 1300
407: 1300
408: 1300
409: 1300
410: 1300
411: 1300
412: 1300
413: 1400
414: 1400
415: 1400
416: 1400
417: 1400
418: 1400
419: 1400
420: 1400
421: 1400
422: 600
423: 600
424: 600
425: 600
426: 600
427: 600
428: 600
429: 600
430: 600
431: 600
432: 600
433: 600
434: 600
435: 600
436: 600
437: 600
438: 600
439: 600
440: 600
441: 600
442: 600
443: 600
444: 600
445: 600
446: 600
447: 600
448: 600
449: 600
450: 600
451: 600
452: 600
453: 600
454: 600
455: 600
456: 600
457: 600
458: 600
459: 600
460: 600
461: 600
462: 600
463: 600
464: 600
465: 600
466: 600
467: 600
468: 600
469: 600
470: 600
471: 600
472: 600
473: 600
474: 600
475: 600
476: 600
477: 600
478: 600
479: 600
480: 600
481: 600
482: 600
483: 600
484: 600
485: 600
486: 600
487: 600
488: 600
489: 600
490: 600
491: 600
492: 600
493: 600
494: 600
495: 600
496: 600
497: 600
498: 600
499: 600
500: 600
501: 600
502: 600
503: 600
504: 600
505: 600
506: 600
507: 600
508: 600
509: 600
510: 600
511: 600
512: 600
513: 600
514: 600
515: 600
516: 600
517: 600
518: 600
519: 600
520: 600
521: 600
522: 600
523: 600
524: 600
525: 600
526: 600
527: 600
528: 600
529: 600
530: 600
531: 600
532: 600
533: 600
534: 600
535: 600
536: 600
537: 600
538: 600
539: 600
540: 600
541: 600
542: 600
543: 600
544: 600
545: 600
546: 600
547: 600
548: 600
549: 600
550: 600
551: 600
552: 600
553: 600
554: 600
555: 600
556: 600
557: 600
558: 600
559: 600
560: 600
561: 600
562: 600
563: 600
564: 600
565: 600
566: 600
567: 600
568: 600
569: 600
570: 600
571: 600
572: 600
573: 600
574: 600
575: 600
576: 600
577: 600
578: 600
579: 600
580: 600
581: 600
582: 600
583: 600
584: 600
585: 600
586: 600
587: 600
588: 600
589: 600
590: 600
591: 600
592: 600
593: 600
594: 1600
595: 1600
596: 1600
597: 1600
598: 1600
599: 1600
600: 1600
601: 1600
602: 1600
603: 1600
604: 1600
605: 1600
606: 1600
607: 1600
608: 1600
609: 1600
610: 1600
611: 1600
612: 1600
613: 1600
614: 1600
615: 1600
616: 1600
617: 1600
618: 1600
619: 1600
620: 1600
621: 1600
622: 1600
623: 1600
624: 1600
625: 1600
626: 1600
627: 1600
628: 1600
629: 1600
630: 1700
631: 1700
632: 1700
633: 1700
